This file contains any messages produced by compilers while
running configure, to aid debugging if configure makes a mistake.

It was created by configure, which was
generated by GNU Autoconf 2.59.  Invocation command line was

  $ ./configure --with-wx-config=/usr/local/bin/wx-config

## --------- ##
## Platform. ##
## --------- ##

hostname = Katie
uname -m = i686
uname -r = 2.6.15
uname -s = Linux
uname -v = #1 PREEMPT Thu Jan 19 15:24:40 PST 2006

/usr/bin/uname -p = unknown
/bin/uname -X     = unknown

/bin/arch              = i686
/usr/bin/arch -k       = unknown
/usr/convex/getsysinfo = unknown
hostinfo               = unknown
/bin/machine           = unknown
/usr/bin/oslevel       = unknown
/bin/universe          = unknown

PATH: /bin
PATH: /usr/bin
PATH: /sbin
PATH: /usr/sbin
PATH: /usr/X11R6/bin
PATH: /opt/bin
PATH: /opt/gnome/bin
PATH: /opt/java/jre/bin
PATH: /opt/java/bin
PATH: /opt/kde/bin
PATH: /opt/mozilla/bin
PATH: /opt/qt/bin


## ----------- ##
## Core tests. ##
## ----------- ##

configure:1538: checking for a BSD-compatible install
configure:1593: result: /bin/install -c
configure:1604: checking whether build environment is sane
configure:1647: result: yes
configure:1712: checking for gawk
configure:1741: result: no
configure:1712: checking for mawk
configure:1728: found /bin/mawk
configure:1738: result: mawk
configure:1748: checking whether make sets $(MAKE)
configure:1768: result: yes
configure:1989: checking for g++
configure:2005: found /usr/bin/g++
configure:2015: result: g++
configure:2031: checking for C++ compiler version
configure:2034: g++ --version </dev/null >&5
g++ (GCC) 4.0.3 20051222 (prerelease)
Copyright (C) 2005 Free Software Foundation, Inc.
This is free software; see the source for copying conditions.  There is NO
warranty; not even for MERCHANTABILITY or FITNESS FOR A PARTICULAR PURPOSE.

configure:2037: $? = 0
configure:2039: g++ -v </dev/null >&5
Using built-in specs.
Target: i686-pc-linux-gnu
Configured with: ../gcc-4.0-20051222/configure --host=i686-pc-linux-gnu --build=i686-pc-linux-gnu --prefix=/usr --enable-shared --enable-languages=c,c++,objc --enable-threads=posix --enable-__cxa_atexit
Thread model: posix
gcc version 4.0.3 20051222 (prerelease)
configure:2042: $? = 0
configure:2044: g++ -V </dev/null >&5
g++: '-V' option must have argument
configure:2047: $? = 1
configure:2070: checking for C++ compiler default output file name
configure:2073: g++    conftest.cc  >&5
configure:2076: $? = 0
configure:2122: result: a.out
configure:2127: checking whether the C++ compiler works
configure:2133: ./a.out
configure:2136: $? = 0
configure:2153: result: yes
configure:2160: checking whether we are cross compiling
configure:2162: result: no
configure:2165: checking for suffix of executables
configure:2167: g++ -o conftest    conftest.cc  >&5
configure:2170: $? = 0
configure:2195: result: 
configure:2201: checking for suffix of object files
configure:2222: g++ -c   conftest.cc >&5
configure:2225: $? = 0
configure:2247: result: o
configure:2251: checking whether we are using the GNU C++ compiler
configure:2275: g++ -c   conftest.cc >&5
configure:2281: $? = 0
configure:2285: test -z 
			 || test ! -s conftest.err
configure:2288: $? = 0
configure:2291: test -s conftest.o
configure:2294: $? = 0
configure:2307: result: yes
configure:2313: checking whether g++ accepts -g
configure:2334: g++ -c -g  conftest.cc >&5
configure:2340: $? = 0
configure:2344: test -z 
			 || test ! -s conftest.err
configure:2347: $? = 0
configure:2350: test -s conftest.o
configure:2353: $? = 0
configure:2364: result: yes
configure:2406: g++ -c -g -O2  conftest.cc >&5
configure:2412: $? = 0
configure:2416: test -z 
			 || test ! -s conftest.err
configure:2419: $? = 0
configure:2422: test -s conftest.o
configure:2425: $? = 0
configure:2451: g++ -c -g -O2  conftest.cc >&5
conftest.cc: In function 'int main()':
conftest.cc:15: error: 'exit' was not declared in this scope
configure:2457: $? = 1
configure: failed program was:
| /* confdefs.h.  */
| 
| #define PACKAGE_NAME ""
| #define PACKAGE_TARNAME ""
| #define PACKAGE_VERSION ""
| #define PACKAGE_STRING ""
| #define PACKAGE_BUGREPORT ""
| #define PACKAGE "rigo"
| #define VERSION "0.1"
| /* end confdefs.h.  */
| 
| int
| main ()
| {
| exit (42);
|   ;
|   return 0;
| }
configure:2406: g++ -c -g -O2  conftest.cc >&5
configure:2412: $? = 0
configure:2416: test -z 
			 || test ! -s conftest.err
configure:2419: $? = 0
configure:2422: test -s conftest.o
configure:2425: $? = 0
configure:2451: g++ -c -g -O2  conftest.cc >&5
configure:2457: $? = 0
configure:2461: test -z 
			 || test ! -s conftest.err
configure:2464: $? = 0
configure:2467: test -s conftest.o
configure:2470: $? = 0
configure:2504: checking for style of include used by make
configure:2532: result: GNU
configure:2560: checking dependency style of g++
configure:2650: result: gcc3
configure:2680: checking for a BSD-compatible install
configure:2735: result: /bin/install -c
configure:2826: checking build system type
configure:2844: result: i686-pc-linux-gnu
configure:2852: checking host system type
configure:2866: result: i686-pc-linux-gnu
configure:2920: checking for gcc
configure:2936: found /usr/bin/gcc
configure:2946: result: gcc
configure:3190: checking for C compiler version
configure:3193: gcc --version </dev/null >&5
gcc (GCC) 4.0.3 20051222 (prerelease)
Copyright (C) 2005 Free Software Foundation, Inc.
This is free software; see the source for copying conditions.  There is NO
warranty; not even for MERCHANTABILITY or FITNESS FOR A PARTICULAR PURPOSE.

configure:3196: $? = 0
configure:3198: gcc -v </dev/null >&5
Using built-in specs.
Target: i686-pc-linux-gnu
Configured with: ../gcc-4.0-20051222/configure --host=i686-pc-linux-gnu --build=i686-pc-linux-gnu --prefix=/usr --enable-shared --enable-languages=c,c++,objc --enable-threads=posix --enable-__cxa_atexit
Thread model: posix
gcc version 4.0.3 20051222 (prerelease)
configure:3201: $? = 0
configure:3203: gcc -V </dev/null >&5
gcc: '-V' option must have argument
configure:3206: $? = 1
configure:3209: checking whether we are using the GNU C compiler
configure:3233: gcc -c   conftest.c >&5
configure:3239: $? = 0
configure:3243: test -z 
			 || test ! -s conftest.err
configure:3246: $? = 0
configure:3249: test -s conftest.o
configure:3252: $? = 0
configure:3265: result: yes
configure:3271: checking whether gcc accepts -g
configure:3292: gcc -c -g  conftest.c >&5
configure:3298: $? = 0
configure:3302: test -z 
			 || test ! -s conftest.err
configure:3305: $? = 0
configure:3308: test -s conftest.o
configure:3311: $? = 0
configure:3322: result: yes
configure:3339: checking for gcc option to accept ANSI C
configure:3409: gcc  -c -g -O2  conftest.c >&5
configure:3415: $? = 0
configure:3419: test -z 
			 || test ! -s conftest.err
configure:3422: $? = 0
configure:3425: test -s conftest.o
configure:3428: $? = 0
configure:3446: result: none needed
configure:3464: gcc -c -g -O2  conftest.c >&5
conftest.c:2: error: syntax error before 'me'
configure:3470: $? = 1
configure: failed program was:
| #ifndef __cplusplus
|   choke me
| #endif
configure:3605: checking dependency style of gcc
configure:3695: result: gcc3
configure:3712: checking for a sed that does not truncate output
configure:3766: result: /bin/sed
configure:3769: checking for egrep
configure:3779: result: grep -E
configure:3795: checking for ld used by gcc
configure:3862: result: /usr/bin/ld
configure:3871: checking if the linker (/usr/bin/ld) is GNU ld
configure:3886: result: yes
configure:3891: checking for /usr/bin/ld option to reload object files
configure:3898: result: -r
configure:3916: checking for BSD-compatible nm
configure:3958: result: /usr/bin/nm -B
configure:3962: checking whether ln -s works
configure:3966: result: yes
configure:3973: checking how to recognise dependent libraries
configure:4145: result: pass_all
configure:4277: gcc -c -g -O2  conftest.c >&5
configure:4280: $? = 0
configure:4377: checking how to run the C preprocessor
configure:4412: gcc -E  conftest.c
configure:4418: $? = 0
configure:4450: gcc -E  conftest.c
conftest.c:14:28: error: ac_nonexistent.h: No such file or directory
configure:4456: $? = 1
configure: failed program was:
| /* confdefs.h.  */
| 
| #define PACKAGE_NAME ""
| #define PACKAGE_TARNAME ""
| #define PACKAGE_VERSION ""
| #define PACKAGE_STRING ""
| #define PACKAGE_BUGREPORT ""
| #define PACKAGE "rigo"
| #define VERSION "0.1"
| #ifdef __cplusplus
| extern "C" void std::exit (int) throw (); using std::exit;
| #endif
| /* end confdefs.h.  */
| #include <ac_nonexistent.h>
configure:4495: result: gcc -E
configure:4519: gcc -E  conftest.c
configure:4525: $? = 0
configure:4557: gcc -E  conftest.c
conftest.c:14:28: error: ac_nonexistent.h: No such file or directory
configure:4563: $? = 1
configure: failed program was:
| /* confdefs.h.  */
| 
| #define PACKAGE_NAME ""
| #define PACKAGE_TARNAME ""
| #define PACKAGE_VERSION ""
| #define PACKAGE_STRING ""
| #define PACKAGE_BUGREPORT ""
| #define PACKAGE "rigo"
| #define VERSION "0.1"
| #ifdef __cplusplus
| extern "C" void std::exit (int) throw (); using std::exit;
| #endif
| /* end confdefs.h.  */
| #include <ac_nonexistent.h>
configure:4607: checking for ANSI C header files
configure:4632: gcc -c -g -O2  conftest.c >&5
configure:4638: $? = 0
configure:4642: test -z 
			 || test ! -s conftest.err
configure:4645: $? = 0
configure:4648: test -s conftest.o
configure:4651: $? = 0
configure:4740: gcc -o conftest -g -O2   conftest.c  >&5
conftest.c: In function 'main':
conftest.c:31: warning: incompatible implicit declaration of built-in function 'exit'
configure:4743: $? = 0
configure:4745: ./conftest
configure:4748: $? = 0
configure:4763: result: yes
configure:4787: checking for sys/types.h
configure:4803: gcc -c -g -O2  conftest.c >&5
configure:4809: $? = 0
configure:4813: test -z 
			 || test ! -s conftest.err
configure:4816: $? = 0
configure:4819: test -s conftest.o
configure:4822: $? = 0
configure:4833: result: yes
configure:4787: checking for sys/stat.h
configure:4803: gcc -c -g -O2  conftest.c >&5
configure:4809: $? = 0
configure:4813: test -z 
			 || test ! -s conftest.err
configure:4816: $? = 0
configure:4819: test -s conftest.o
configure:4822: $? = 0
configure:4833: result: yes
configure:4787: checking for stdlib.h
configure:4803: gcc -c -g -O2  conftest.c >&5
configure:4809: $? = 0
configure:4813: test -z 
			 || test ! -s conftest.err
configure:4816: $? = 0
configure:4819: test -s conftest.o
configure:4822: $? = 0
configure:4833: result: yes
configure:4787: checking for string.h
configure:4803: gcc -c -g -O2  conftest.c >&5
configure:4809: $? = 0
configure:4813: test -z 
			 || test ! -s conftest.err
configure:4816: $? = 0
configure:4819: test -s conftest.o
configure:4822: $? = 0
configure:4833: result: yes
configure:4787: checking for memory.h
configure:4803: gcc -c -g -O2  conftest.c >&5
configure:4809: $? = 0
configure:4813: test -z 
			 || test ! -s conftest.err
configure:4816: $? = 0
configure:4819: test -s conftest.o
configure:4822: $? = 0
configure:4833: result: yes
configure:4787: checking for strings.h
configure:4803: gcc -c -g -O2  conftest.c >&5
configure:4809: $? = 0
configure:4813: test -z 
			 || test ! -s conftest.err
configure:4816: $? = 0
configure:4819: test -s conftest.o
configure:4822: $? = 0
configure:4833: result: yes
configure:4787: checking for inttypes.h
configure:4803: gcc -c -g -O2  conftest.c >&5
configure:4809: $? = 0
configure:4813: test -z 
			 || test ! -s conftest.err
configure:4816: $? = 0
configure:4819: test -s conftest.o
configure:4822: $? = 0
configure:4833: result: yes
configure:4787: checking for stdint.h
configure:4803: gcc -c -g -O2  conftest.c >&5
configure:4809: $? = 0
configure:4813: test -z 
			 || test ! -s conftest.err
configure:4816: $? = 0
configure:4819: test -s conftest.o
configure:4822: $? = 0
configure:4833: result: yes
configure:4787: checking for unistd.h
configure:4803: gcc -c -g -O2  conftest.c >&5
configure:4809: $? = 0
configure:4813: test -z 
			 || test ! -s conftest.err
configure:4816: $? = 0
configure:4819: test -s conftest.o
configure:4822: $? = 0
configure:4833: result: yes
configure:4859: checking dlfcn.h usability
configure:4871: gcc -c -g -O2  conftest.c >&5
configure:4877: $? = 0
configure:4881: test -z 
			 || test ! -s conftest.err
configure:4884: $? = 0
configure:4887: test -s conftest.o
configure:4890: $? = 0
configure:4900: result: yes
configure:4904: checking dlfcn.h presence
configure:4914: gcc -E  conftest.c
configure:4920: $? = 0
configure:4940: result: yes
configure:4975: checking for dlfcn.h
configure:4982: result: yes
configure:5005: checking how to run the C++ preprocessor
configure:5036: g++ -E  conftest.cc
configure:5042: $? = 0
configure:5074: g++ -E  conftest.cc
conftest.cc:25:28: error: ac_nonexistent.h: No such file or directory
configure:5080: $? = 1
configure: failed program was:
| /* confdefs.h.  */
| 
| #define PACKAGE_NAME ""
| #define PACKAGE_TARNAME ""
| #define PACKAGE_VERSION ""
| #define PACKAGE_STRING ""
| #define PACKAGE_BUGREPORT ""
| #define PACKAGE "rigo"
| #define VERSION "0.1"
| #ifdef __cplusplus
| extern "C" void std::exit (int) throw (); using std::exit;
| #endif
| #define STDC_HEADERS 1
| #define HAVE_SYS_TYPES_H 1
| #define HAVE_SYS_STAT_H 1
| #define HAVE_STDLIB_H 1
| #define HAVE_STRING_H 1
| #define HAVE_MEMORY_H 1
| #define HAVE_STRINGS_H 1
| #define HAVE_INTTYPES_H 1
| #define HAVE_STDINT_H 1
| #define HAVE_UNISTD_H 1
| #define HAVE_DLFCN_H 1
| /* end confdefs.h.  */
| #include <ac_nonexistent.h>
configure:5119: result: g++ -E
configure:5143: g++ -E  conftest.cc
configure:5149: $? = 0
configure:5181: g++ -E  conftest.cc
conftest.cc:25:28: error: ac_nonexistent.h: No such file or directory
configure:5187: $? = 1
configure: failed program was:
| /* confdefs.h.  */
| 
| #define PACKAGE_NAME ""
| #define PACKAGE_TARNAME ""
| #define PACKAGE_VERSION ""
| #define PACKAGE_STRING ""
| #define PACKAGE_BUGREPORT ""
| #define PACKAGE "rigo"
| #define VERSION "0.1"
| #ifdef __cplusplus
| extern "C" void std::exit (int) throw (); using std::exit;
| #endif
| #define STDC_HEADERS 1
| #define HAVE_SYS_TYPES_H 1
| #define HAVE_SYS_STAT_H 1
| #define HAVE_STDLIB_H 1
| #define HAVE_STRING_H 1
| #define HAVE_MEMORY_H 1
| #define HAVE_STRINGS_H 1
| #define HAVE_INTTYPES_H 1
| #define HAVE_STDINT_H 1
| #define HAVE_UNISTD_H 1
| #define HAVE_DLFCN_H 1
| /* end confdefs.h.  */
| #include <ac_nonexistent.h>
configure:5284: checking for g77
configure:5313: result: no
configure:5284: checking for f77
configure:5313: result: no
configure:5284: checking for xlf
configure:5313: result: no
configure:5284: checking for frt
configure:5313: result: no
configure:5284: checking for pgf77
configure:5313: result: no
configure:5284: checking for fort77
configure:5313: result: no
configure:5284: checking for fl32
configure:5313: result: no
configure:5284: checking for af77
configure:5313: result: no
configure:5284: checking for f90
configure:5313: result: no
configure:5284: checking for xlf90
configure:5313: result: no
configure:5284: checking for pgf90
configure:5313: result: no
configure:5284: checking for epcf90
configure:5313: result: no
configure:5284: checking for f95
configure:5313: result: no
configure:5284: checking for fort
configure:5313: result: no
configure:5284: checking for xlf95
configure:5313: result: no
configure:5284: checking for ifc
configure:5313: result: no
configure:5284: checking for efc
configure:5313: result: no
configure:5284: checking for pgf95
configure:5313: result: no
configure:5284: checking for lf95
configure:5313: result: no
configure:5284: checking for gfortran
configure:5313: result: no
configure:5325: checking for Fortran 77 compiler version
configure:5328:  --version </dev/null >&5
./configure: line 5329: --version: command not found
configure:5331: $? = 127
configure:5333:  -v </dev/null >&5
./configure: line 5334: -v: command not found
configure:5336: $? = 127
configure:5338:  -V </dev/null >&5
./configure: line 5339: -V: command not found
configure:5341: $? = 127
configure:5349: checking whether we are using the GNU Fortran 77 compiler
configure:5363:  -c  conftest.F >&5
./configure: line 5364: -c: command not found
configure:5369: $? = 127
configure: failed program was:
|       program main
| #ifndef __GNUC__
|        choke me
| #endif
| 
|       end
configure:5395: result: no
configure:5401: checking whether  accepts -g
configure:5413:  -c -g conftest.f >&5
./configure: line 5414: -c: command not found
configure:5419: $? = 127
configure: failed program was:
|       program main
| 
|       end
configure:5444: result: no
configure:5474: checking the maximum length of command line arguments
configure:5566: result: 32768
configure:5577: checking command to parse /usr/bin/nm -B output from gcc object
configure:5673: gcc -c -g -O2  conftest.c >&5
configure:5676: $? = 0
configure:5680: /usr/bin/nm -B conftest.o \| sed -n -e 's/^.*[ 	]\([ABCDGIRSTW][ABCDGIRSTW]*\)[ 	][ 	]*\([_A-Za-z][_A-Za-z0-9]*\)$/\1 \2 \2/p' \> conftest.nm
configure:5683: $? = 0
configure:5735: gcc -o conftest -g -O2   conftest.c conftstm.o >&5
configure:5738: $? = 0
configure:5776: result: ok
configure:5780: checking for objdir
configure:5795: result: .libs
configure:5885: checking for ar
configure:5901: found /usr/bin/ar
configure:5912: result: ar
configure:5965: checking for ranlib
configure:5981: found /usr/bin/ranlib
configure:5992: result: ranlib
configure:6045: checking for strip
configure:6061: found /usr/bin/strip
configure:6072: result: strip
configure:6294: checking for correct ltmain.sh version
configure:6344: result: yes
configure:6420: checking if gcc static flag  works
configure:6448: result: yes
configure:6466: checking if gcc supports -fno-rtti -fno-exceptions
configure:6484: gcc -c -g -O2  -fno-rtti -fno-exceptions conftest.c >&5
cc1: warning: command line option "-fno-rtti" is valid for C++/ObjC++ but not for C
configure:6488: $? = 0
configure:6501: result: no
configure:6516: checking for gcc option to produce PIC
configure:6720: result: -fPIC
configure:6728: checking if gcc PIC flag -fPIC works
configure:6746: gcc -c -g -O2  -fPIC -DPIC conftest.c >&5
configure:6750: $? = 0
configure:6763: result: yes
configure:6787: checking if gcc supports -c -o file.o
configure:6808: gcc -c -g -O2  -o out/conftest2.o conftest.c >&5
configure:6812: $? = 0
configure:6834: result: yes
configure:6860: checking whether the gcc linker (/usr/bin/ld) supports shared libraries
configure:7756: result: yes
configure:7782: checking whether -lc should be explicitly linked in
configure:7787: gcc -c -g -O2  conftest.c >&5
configure:7790: $? = 0
configure:7804: gcc -shared conftest.o  -v -Wl,-soname -Wl,conftest -o conftest 2\>\&1 \| grep  -lc  \>/dev/null 2\>\&1
configure:7807: $? = 0
configure:7819: result: no
configure:7827: checking dynamic linker characteristics
configure:8449: result: GNU/Linux ld.so
configure:8453: checking how to hardcode library paths into programs
configure:8478: result: immediate
configure:8492: checking whether stripping libraries is possible
configure:8497: result: yes
configure:8623: checking for shl_load
configure:8680: gcc -o conftest -g -O2   conftest.c  >&5
/tmp/ccW4G5pU.o: In function `main':
/home/siafu86/Rigo_Project/trunk/rigo/conftest.c:64: undefined reference to `shl_load'
/tmp/ccW4G5pU.o:(.data+0x0): undefined reference to `shl_load'
collect2: ld returned 1 exit status
configure:8686: $? = 1
configure: failed program was:
| /* confdefs.h.  */
| 
| #define PACKAGE_NAME ""
| #define PACKAGE_TARNAME ""
| #define PACKAGE_VERSION ""
| #define PACKAGE_STRING ""
| #define PACKAGE_BUGREPORT ""
| #define PACKAGE "rigo"
| #define VERSION "0.1"
| #ifdef __cplusplus
| extern "C" void std::exit (int) throw (); using std::exit;
| #endif
| #define STDC_HEADERS 1
| #define HAVE_SYS_TYPES_H 1
| #define HAVE_SYS_STAT_H 1
| #define HAVE_STDLIB_H 1
| #define HAVE_STRING_H 1
| #define HAVE_MEMORY_H 1
| #define HAVE_STRINGS_H 1
| #define HAVE_INTTYPES_H 1
| #define HAVE_STDINT_H 1
| #define HAVE_UNISTD_H 1
| #define HAVE_DLFCN_H 1
| /* end confdefs.h.  */
| /* Define shl_load to an innocuous variant, in case <limits.h> declares shl_load.
|    For example, HP-UX 11i <limits.h> declares gettimeofday.  */
| #define shl_load innocuous_shl_load
| 
| /* System header to define __stub macros and hopefully few prototypes,
|     which can conflict with char shl_load (); below.
|     Prefer <limits.h> to <assert.h> if __STDC__ is defined, since
|     <limits.h> exists even on freestanding compilers.  */
| 
| #ifdef __STDC__
| # include <limits.h>
| #else
| # include <assert.h>
| #endif
| 
| #undef shl_load
| 
| /* Override any gcc2 internal prototype to avoid an error.  */
| #ifdef __cplusplus
| extern "C"
| {
| #endif
| /* We use char because int might match the return type of a gcc2
|    builtin and then its argument prototype would still apply.  */
| char shl_load ();
| /* The GNU C library defines this for functions which it implements
|     to always fail with ENOSYS.  Some functions are actually named
|     something starting with __ and the normal name is an alias.  */
| #if defined (__stub_shl_load) || defined (__stub___shl_load)
| choke me
| #else
| char (*f) () = shl_load;
| #endif
| #ifdef __cplusplus
| }
| #endif
| 
| int
| main ()
| {
| return f != shl_load;
|   ;
|   return 0;
| }
configure:8711: result: no
configure:8716: checking for shl_load in -ldld
configure:8746: gcc -o conftest -g -O2   conftest.c -ldld   >&5
/usr/bin/ld: cannot find -ldld
collect2: ld returned 1 exit status
configure:8752: $? = 1
configure: failed program was:
| /* confdefs.h.  */
| 
| #define PACKAGE_NAME ""
| #define PACKAGE_TARNAME ""
| #define PACKAGE_VERSION ""
| #define PACKAGE_STRING ""
| #define PACKAGE_BUGREPORT ""
| #define PACKAGE "rigo"
| #define VERSION "0.1"
| #ifdef __cplusplus
| extern "C" void std::exit (int) throw (); using std::exit;
| #endif
| #define STDC_HEADERS 1
| #define HAVE_SYS_TYPES_H 1
| #define HAVE_SYS_STAT_H 1
| #define HAVE_STDLIB_H 1
| #define HAVE_STRING_H 1
| #define HAVE_MEMORY_H 1
| #define HAVE_STRINGS_H 1
| #define HAVE_INTTYPES_H 1
| #define HAVE_STDINT_H 1
| #define HAVE_UNISTD_H 1
| #define HAVE_DLFCN_H 1
| /* end confdefs.h.  */
| 
| /* Override any gcc2 internal prototype to avoid an error.  */
| #ifdef __cplusplus
| extern "C"
| #endif
| /* We use char because int might match the return type of a gcc2
|    builtin and then its argument prototype would still apply.  */
| char shl_load ();
| int
| main ()
| {
| shl_load ();
|   ;
|   return 0;
| }
configure:8778: result: no
configure:8783: checking for dlopen
configure:8840: gcc -o conftest -g -O2   conftest.c  >&5
/tmp/cc2LOcVe.o: In function `main':
/home/siafu86/Rigo_Project/trunk/rigo/conftest.c:64: undefined reference to `dlopen'
/tmp/cc2LOcVe.o:(.data+0x0): undefined reference to `dlopen'
collect2: ld returned 1 exit status
configure:8846: $? = 1
configure: failed program was:
| /* confdefs.h.  */
| 
| #define PACKAGE_NAME ""
| #define PACKAGE_TARNAME ""
| #define PACKAGE_VERSION ""
| #define PACKAGE_STRING ""
| #define PACKAGE_BUGREPORT ""
| #define PACKAGE "rigo"
| #define VERSION "0.1"
| #ifdef __cplusplus
| extern "C" void std::exit (int) throw (); using std::exit;
| #endif
| #define STDC_HEADERS 1
| #define HAVE_SYS_TYPES_H 1
| #define HAVE_SYS_STAT_H 1
| #define HAVE_STDLIB_H 1
| #define HAVE_STRING_H 1
| #define HAVE_MEMORY_H 1
| #define HAVE_STRINGS_H 1
| #define HAVE_INTTYPES_H 1
| #define HAVE_STDINT_H 1
| #define HAVE_UNISTD_H 1
| #define HAVE_DLFCN_H 1
| /* end confdefs.h.  */
| /* Define dlopen to an innocuous variant, in case <limits.h> declares dlopen.
|    For example, HP-UX 11i <limits.h> declares gettimeofday.  */
| #define dlopen innocuous_dlopen
| 
| /* System header to define __stub macros and hopefully few prototypes,
|     which can conflict with char dlopen (); below.
|     Prefer <limits.h> to <assert.h> if __STDC__ is defined, since
|     <limits.h> exists even on freestanding compilers.  */
| 
| #ifdef __STDC__
| # include <limits.h>
| #else
| # include <assert.h>
| #endif
| 
| #undef dlopen
| 
| /* Override any gcc2 internal prototype to avoid an error.  */
| #ifdef __cplusplus
| extern "C"
| {
| #endif
| /* We use char because int might match the return type of a gcc2
|    builtin and then its argument prototype would still apply.  */
| char dlopen ();
| /* The GNU C library defines this for functions which it implements
|     to always fail with ENOSYS.  Some functions are actually named
|     something starting with __ and the normal name is an alias.  */
| #if defined (__stub_dlopen) || defined (__stub___dlopen)
| choke me
| #else
| char (*f) () = dlopen;
| #endif
| #ifdef __cplusplus
| }
| #endif
| 
| int
| main ()
| {
| return f != dlopen;
|   ;
|   return 0;
| }
configure:8871: result: no
configure:8876: checking for dlopen in -ldl
configure:8906: gcc -o conftest -g -O2   conftest.c -ldl   >&5
configure:8912: $? = 0
configure:8916: test -z 
			 || test ! -s conftest.err
configure:8919: $? = 0
configure:8922: test -s conftest
configure:8925: $? = 0
configure:8938: result: yes
configure:9113: checking whether a program can dlopen itself
configure:9185: gcc -o conftest -g -O2  -DHAVE_DLFCN_H  -Wl,--export-dynamic conftest.c -ldl  >&5
configure: In function 'main':
configure:9181: warning: incompatible implicit declaration of built-in function 'exit'
configure:9188: $? = 0
configure:9206: result: yes
configure:9211: checking whether a statically linked program can dlopen itself
configure:9283: gcc -o conftest -g -O2  -DHAVE_DLFCN_H  -Wl,--export-dynamic  conftest.c -ldl  >&5
configure: In function 'main':
configure:9279: warning: incompatible implicit declaration of built-in function 'exit'
configure:9286: $? = 0
configure:9304: result: yes
configure:9327: checking if libtool supports shared libraries
configure:9329: result: yes
configure:9332: checking whether to build shared libraries
configure:9353: result: yes
configure:9356: checking whether to build static libraries
configure:9360: result: yes
configure:9452: creating libtool
configure:10030: checking for ld used by g++
configure:10097: result: /usr/bin/ld
configure:10106: checking if the linker (/usr/bin/ld) is GNU ld
configure:10121: result: yes
configure:10172: checking whether the g++ linker (/usr/bin/ld) supports shared libraries
configure:11052: result: yes
configure:11070: g++ -c -g -O2  conftest.cpp >&5
configure:11073: $? = 0
configure:11183: checking for g++ option to produce PIC
configure:11451: result: -fPIC
configure:11459: checking if g++ PIC flag -fPIC works
configure:11477: g++ -c -g -O2  -fPIC -DPIC conftest.cpp >&5
configure:11481: $? = 0
configure:11494: result: yes
configure:11518: checking if g++ supports -c -o file.o
configure:11539: g++ -c -g -O2  -o out/conftest2.o conftest.cpp >&5
configure:11543: $? = 0
configure:11565: result: yes
configure:11591: checking whether the g++ linker (/usr/bin/ld) supports shared libraries
configure:11616: result: yes
configure:11687: checking dynamic linker characteristics
configure:12309: result: GNU/Linux ld.so
configure:12313: checking how to hardcode library paths into programs
configure:12338: result: immediate
configure:12352: checking whether stripping libraries is possible
configure:12357: result: yes
configure:12483: checking for shl_load
configure:12571: result: no
configure:12576: checking for shl_load in -ldld
configure:12638: result: no
configure:12643: checking for dlopen
configure:12731: result: no
configure:12736: checking for dlopen in -ldl
configure:12798: result: yes
configure:12973: checking whether a program can dlopen itself
configure:13066: result: yes
configure:13071: checking whether a statically linked program can dlopen itself
configure:13164: result: yes
configure:20038: checking wxWidgets version
configure:20041: result: 2.6.2
configure:20218: creating ./config.status

## ---------------------- ##
## Running config.status. ##
## ---------------------- ##

This file was extended by config.status, which was
generated by GNU Autoconf 2.59.  Invocation command line was

  CONFIG_FILES    = 
  CONFIG_HEADERS  = 
  CONFIG_LINKS    = 
  CONFIG_COMMANDS = 
  $ ./config.status 

on Katie

config.status:708: creating Makefile
config.status:708: creating src/Makefile
config.status:891: executing depfiles commands

## ---------------- ##
## Cache variables. ##
## ---------------- ##

ac_cv_build=i686-pc-linux-gnu
ac_cv_build_alias=i686-pc-linux-gnu
ac_cv_c_compiler_gnu=yes
ac_cv_cxx_compiler_gnu=yes
ac_cv_env_CC_set=
ac_cv_env_CC_value=
ac_cv_env_CFLAGS_set=
ac_cv_env_CFLAGS_value=
ac_cv_env_CPPFLAGS_set=
ac_cv_env_CPPFLAGS_value=
ac_cv_env_CPP_set=
ac_cv_env_CPP_value=
ac_cv_env_CXXCPP_set=
ac_cv_env_CXXCPP_value=
ac_cv_env_CXXFLAGS_set=
ac_cv_env_CXXFLAGS_value=
ac_cv_env_CXX_set=
ac_cv_env_CXX_value=
ac_cv_env_F77_set=
ac_cv_env_F77_value=
ac_cv_env_FFLAGS_set=
ac_cv_env_FFLAGS_value=
ac_cv_env_LDFLAGS_set=
ac_cv_env_LDFLAGS_value=
ac_cv_env_build_alias_set=
ac_cv_env_build_alias_value=
ac_cv_env_host_alias_set=
ac_cv_env_host_alias_value=
ac_cv_env_target_alias_set=
ac_cv_env_target_alias_value=
ac_cv_exeext=
ac_cv_f77_compiler_gnu=no
ac_cv_func_dlopen=no
ac_cv_func_shl_load=no
ac_cv_header_dlfcn_h=yes
ac_cv_header_inttypes_h=yes
ac_cv_header_memory_h=yes
ac_cv_header_stdc=yes
ac_cv_header_stdint_h=yes
ac_cv_header_stdlib_h=yes
ac_cv_header_string_h=yes
ac_cv_header_strings_h=yes
ac_cv_header_sys_stat_h=yes
ac_cv_header_sys_types_h=yes
ac_cv_header_unistd_h=yes
ac_cv_host=i686-pc-linux-gnu
ac_cv_host_alias=i686-pc-linux-gnu
ac_cv_lib_dl_dlopen=yes
ac_cv_lib_dld_shl_load=no
ac_cv_objext=o
ac_cv_path_install='/bin/install -c'
ac_cv_prog_AWK=mawk
ac_cv_prog_CPP='gcc -E'
ac_cv_prog_CXXCPP='g++ -E'
ac_cv_prog_ac_ct_AR=ar
ac_cv_prog_ac_ct_CC=gcc
ac_cv_prog_ac_ct_CXX=g++
ac_cv_prog_ac_ct_RANLIB=ranlib
ac_cv_prog_ac_ct_STRIP=strip
ac_cv_prog_cc_g=yes
ac_cv_prog_cc_stdc=
ac_cv_prog_cxx_g=yes
ac_cv_prog_egrep='grep -E'
ac_cv_prog_f77_g=no
ac_cv_prog_make_make_set=yes
am_cv_CC_dependencies_compiler_type=gcc3
am_cv_CXX_dependencies_compiler_type=gcc3
lt_cv_cc_64bit_output=no
lt_cv_deplibs_check_method=pass_all
lt_cv_dlopen=dlopen
lt_cv_dlopen_libs=-ldl
lt_cv_dlopen_self=yes
lt_cv_dlopen_self_static=yes
lt_cv_file_magic_cmd='$MAGIC_CMD'
lt_cv_file_magic_test_file=
lt_cv_ld_reload_flag=-r
lt_cv_objdir=.libs
lt_cv_path_LD=/usr/bin/ld
lt_cv_path_LDCXX=/usr/bin/ld
lt_cv_path_NM='/usr/bin/nm -B'
lt_cv_path_SED=/bin/sed
lt_cv_prog_compiler_c_o=yes
lt_cv_prog_compiler_c_o_CXX=yes
lt_cv_prog_compiler_rtti_exceptions=no
lt_cv_prog_gnu_ld=yes
lt_cv_prog_gnu_ldcxx=yes
lt_cv_sys_global_symbol_pipe='sed -n -e '\''s/^.*[ 	]\([ABCDGIRSTW][ABCDGIRSTW]*\)[ 	][ 	]*\([_A-Za-z][_A-Za-z0-9]*\)$/\1 \2 \2/p'\'''
lt_cv_sys_global_symbol_to_c_name_address='sed -n -e '\''s/^: \([^ ]*\) $/  {\"\1\", (lt_ptr) 0},/p'\'' -e '\''s/^[BCDEGRST] \([^ ]*\) \([^ ]*\)$/  {"\2", (lt_ptr) \&\2},/p'\'''
lt_cv_sys_global_symbol_to_cdecl='sed -n -e '\''s/^. .* \(.*\)$/extern int \1;/p'\'''
lt_cv_sys_max_cmd_len=32768
lt_lt_cv_prog_compiler_c_o='"yes"'
lt_lt_cv_prog_compiler_c_o_CXX='"yes"'
lt_lt_cv_sys_global_symbol_pipe='"sed -n -e '\''s/^.*[ 	]\\([ABCDGIRSTW][ABCDGIRSTW]*\\)[ 	][ 	]*\\([_A-Za-z][_A-Za-z0-9]*\\)\$/\\1 \\2 \\2/p'\''"'
lt_lt_cv_sys_global_symbol_to_c_name_address='"sed -n -e '\''s/^: \\([^ ]*\\) \$/  {\\\"\\1\\\", (lt_ptr) 0},/p'\'' -e '\''s/^[BCDEGRST] \\([^ ]*\\) \\([^ ]*\\)\$/  {\"\\2\", (lt_ptr) \\&\\2},/p'\''"'
lt_lt_cv_sys_global_symbol_to_cdecl='"sed -n -e '\''s/^. .* \\(.*\\)\$/extern int \\1;/p'\''"'

## ----------------- ##
## Output variables. ##
## ----------------- ##

ACLOCAL='${SHELL} /home/siafu86/Rigo_Project/trunk/rigo/missing --run aclocal-1.9'
AMDEPBACKSLASH='\'
AMDEP_FALSE='#'
AMDEP_TRUE=''
AMTAR='${SHELL} /home/siafu86/Rigo_Project/trunk/rigo/missing --run tar'
AR='ar'
AUTOCONF='${SHELL} /home/siafu86/Rigo_Project/trunk/rigo/missing --run autoconf'
AUTOHEADER='${SHELL} /home/siafu86/Rigo_Project/trunk/rigo/missing --run autoheader'
AUTOMAKE='${SHELL} /home/siafu86/Rigo_Project/trunk/rigo/missing --run automake-1.9'
AWK='mawk'
CC='gcc'
CCDEPMODE='depmode=gcc3'
CFLAGS='-g -O2'
CPP='gcc -E'
CPPFLAGS=' -Wall -g -fexceptions -I/usr/local/lib/wx/include/gtk2-ansi-release-2.6 -I/usr/local/include/wx-2.6 -DGTK_NO_CHECK_CASTS -D__WXGTK__ -D_FILE_OFFSET_BITS=64 -D_LARGE_FILES -D_LARGEFILE_SOURCE=1 -DNO_GCC_PRAGMA'
CXX='g++'
CXXCPP='g++ -E'
CXXDEPMODE='depmode=gcc3'
CXXFLAGS=' -Wall -g -fexceptions -Wall -g -fexceptions -I/usr/local/lib/wx/include/gtk2-ansi-release-2.6 -I/usr/local/include/wx-2.6 -DGTK_NO_CHECK_CASTS -D__WXGTK__ -D_FILE_OFFSET_BITS=64 -D_LARGE_FILES -D_LARGEFILE_SOURCE=1 -DNO_GCC_PRAGMA'
CYGPATH_W='echo'
DEFS='-DPACKAGE_NAME=\"\" -DPACKAGE_TARNAME=\"\" -DPACKAGE_VERSION=\"\" -DPACKAGE_STRING=\"\" -DPACKAGE_BUGREPORT=\"\" -DPACKAGE=\"rigo\" -DVERSION=\"0.1\" -DSTDC_HEADERS=1 -DHAVE_SYS_TYPES_H=1 -DHAVE_SYS_STAT_H=1 -DHAVE_STDLIB_H=1 -DHAVE_STRING_H=1 -DHAVE_MEMORY_H=1 -DHAVE_STRINGS_H=1 -DHAVE_INTTYPES_H=1 -DHAVE_STDINT_H=1 -DHAVE_UNISTD_H=1 -DHAVE_DLFCN_H=1 '
DEPDIR='.deps'
ECHO='echo'
ECHO_C=''
ECHO_N='-n'
ECHO_T=''
EGREP='grep -E'
EXEEXT=''
F77=''
FFLAGS=''
INSTALL_DATA='${INSTALL} -m 644'
INSTALL_PROGRAM='${INSTALL}'
INSTALL_SCRIPT='${INSTALL}'
INSTALL_STRIP_PROGRAM='${SHELL} $(install_sh) -c -s'
LDFLAGS=''
LIBOBJS=''
LIBS=''
LIBTOOL='$(SHELL) $(top_builddir)/libtool'
LN_S='ln -s'
LTLIBOBJS=''
MAKEINFO='${SHELL} /home/siafu86/Rigo_Project/trunk/rigo/missing --run makeinfo'
OBJEXT='o'
PACKAGE='rigo'
PACKAGE_BUGREPORT=''
PACKAGE_NAME=''
PACKAGE_STRING=''
PACKAGE_TARNAME=''
PACKAGE_VERSION=''
PATH_SEPARATOR=':'
RANLIB='ranlib'
SET_MAKE=''
SHELL='/bin/sh'
STRIP='strip'
VERSION='0.1'
WX_LIBS='-L/usr/local/lib -pthread   -L/usr/X11R6/lib  -lwx_gtk2_xrc-2.6 -lwx_gtk2_qa-2.6 -lwx_gtk2_html-2.6 -lwx_gtk2_adv-2.6 -lwx_gtk2_core-2.6 -lwx_base_xml-2.6 -lwx_base_net-2.6 -lwx_base-2.6 '
ac_ct_AR='ar'
ac_ct_CC='gcc'
ac_ct_CXX='g++'
ac_ct_F77=''
ac_ct_RANLIB='ranlib'
ac_ct_STRIP='strip'
am__fastdepCC_FALSE='#'
am__fastdepCC_TRUE=''
am__fastdepCXX_FALSE='#'
am__fastdepCXX_TRUE=''
am__include='include'
am__leading_dot='.'
am__quote=''
am__tar='${AMTAR} chof - "$$tardir"'
am__untar='${AMTAR} xf -'
bindir='${exec_prefix}/bin'
build='i686-pc-linux-gnu'
build_alias=''
build_cpu='i686'
build_os='linux-gnu'
build_vendor='pc'
datadir='${prefix}/share'
exec_prefix='${prefix}'
host='i686-pc-linux-gnu'
host_alias=''
host_cpu='i686'
host_os='linux-gnu'
host_vendor='pc'
includedir='${prefix}/include'
infodir='${prefix}/info'
install_sh='/home/siafu86/Rigo_Project/trunk/rigo/install-sh'
libdir='${exec_prefix}/lib'
libexecdir='${exec_prefix}/libexec'
localstatedir='${prefix}/var'
mandir='${prefix}/man'
mkdir_p='mkdir -p --'
oldincludedir='/usr/include'
prefix='/usr/local'
program_transform_name='s,x,x,'
sbindir='${exec_prefix}/sbin'
sharedstatedir='${prefix}/com'
sysconfdir='${prefix}/etc'
target_alias=''

## ----------- ##
## confdefs.h. ##
## ----------- ##

#define HAVE_DLFCN_H 1
#define HAVE_INTTYPES_H 1
#define HAVE_MEMORY_H 1
#define HAVE_STDINT_H 1
#define HAVE_STDLIB_H 1
#define HAVE_STRINGS_H 1
#define HAVE_STRING_H 1
#define HAVE_SYS_STAT_H 1
#define HAVE_SYS_TYPES_H 1
#define HAVE_UNISTD_H 1
#define PACKAGE "rigo"
#define PACKAGE_BUGREPORT ""
#define PACKAGE_NAME ""
#define PACKAGE_STRING ""
#define PACKAGE_TARNAME ""
#define PACKAGE_VERSION ""
#define STDC_HEADERS 1
#define VERSION "0.1"
#endif
#ifdef __cplusplus
extern "C" void std::exit (int) throw (); using std::exit;

configure: exit 0
